
> windspot-pt@1.0.0 build
> next build

  ▲ Next.js 14.2.28

   Creating an optimized production build ...
 ✓ Compiled successfully
   Linting and checking validity of types ...
   Collecting page data ...
   Generating static pages (0/160) ...
Failed to fetch marine data for 41.377,-8.76: fetch failed
Failed to fetch marine data for 37.821,-25.698: fetch failed
Failed to fetch marine data for 37.829,-25.653: fetch failed
Failed to fetch marine data for 37.738,-25.636: fetch failed
Failed to fetch marine data for 38.73,-27.066: fetch failed
Failed to fetch marine data for 38.683,-27.218: fetch failed
Failed to fetch marine data for 32.767,-16.833: fetch failed
Failed to fetch marine data for 32.8,-17.033: fetch failed
Failed to fetch marine data for 37.723,-8.783: fetch failed
Failed to fetch marine data for 37.44,-8.8: fetch failed
Failed to fetch marine data for 37.95,-8.8: fetch failed
Failed to fetch marine data for 39.6,-8.3: fetch failed
Failed to fetch marine data for 37.541,-8.794: fetch failed
Failed to fetch marine data for 37.953,-8.764: fetch failed
Failed to fetch marine data for 41.85,-8.862: fetch failed
Failed to fetch marine data for 32.74,-17.21: fetch failed
Failed to fetch marine data for 41.377,-8.76: fetch failed
Failed to fetch marine data for 37.821,-25.698: fetch failed
Failed to fetch marine data for 38.73,-27.066: fetch failed
Failed to fetch marine data for 38.683,-27.218: fetch failed
Failed to fetch marine data for 32.767,-16.833: fetch failed
Failed to fetch marine data for 37.723,-8.783: fetch failed
Failed to fetch marine data for 37.541,-8.794: fetch failed
Failed to fetch marine data for 37.953,-8.764: fetch failed
Failed to fetch marine data for 39.6,-8.3: fetch failed
Open-Meteo API returned 400, using mock data
Open-Meteo API returned 400, using mock data
Open-Meteo API returned 400, using mock data
Open-Meteo API returned 400, using mock data
Open-Meteo API returned 400, using mock data
Open-Meteo API returned 400, using mock data
Open-Meteo API returned 400, using mock data
Open-Meteo API returned 400, using mock data
Open-Meteo API returned 400, using mock data
Open-Meteo API returned 400, using mock data
Open-Meteo API returned 400, using mock data
Open-Meteo API returned 400, using mock data
Open-Meteo API returned 400, using mock data
Open-Meteo API returned 400, using mock data
Open-Meteo API returned 400, using mock data
Open-Meteo API returned 400, using mock data
Open-Meteo API returned 400, using mock data
Open-Meteo API returned 400, using mock data
Open-Meteo API returned 400, using mock data
Open-Meteo API returned 400, using mock data
Open-Meteo API returned 400, using mock data
Open-Meteo API returned 400, using mock data
Open-Meteo API returned 400, using mock data
Open-Meteo API returned 400, using mock data
Open-Meteo API returned 400, using mock data
Open-Meteo API returned 400, using mock data
Open-Meteo API returned 400, using mock data
Open-Meteo API returned 400, using mock data
Open-Meteo API returned 400, using mock data
Open-Meteo API returned 400, using mock data
Open-Meteo API returned 400, using mock data
Open-Meteo API returned 400, using mock data
Open-Meteo API returned 400, using mock data
Open-Meteo API returned 400, using mock data
Open-Meteo API returned 400, using mock data
Open-Meteo API returned 400, using mock data
Open-Meteo API returned 400, using mock data
Open-Meteo API returned 400, using mock data
Open-Meteo API returned 400, using mock data
Open-Meteo API returned 400, using mock data
Open-Meteo API returned 400, using mock data
Open-Meteo API returned 400, using mock data
Open-Meteo API returned 400, using mock data
Open-Meteo API returned 400, using mock data
Open-Meteo API returned 400, using mock data
Open-Meteo API returned 400, using mock data
Open-Meteo API returned 400, using mock data
Open-Meteo API returned 400, using mock data
Open-Meteo API returned 400, using mock data
Open-Meteo API returned 400, using mock data
Open-Meteo API returned 400, using mock data
Open-Meteo API returned 400, using mock data
Open-Meteo API returned 400, using mock data
Open-Meteo API returned 400, using mock data
Open-Meteo API returned 400, using mock data
Open-Meteo API returned 400, using mock data
Open-Meteo API returned 400, using mock data
Open-Meteo API returned 400, using mock data
Open-Meteo API returned 400, using mock data
Open-Meteo API returned 400, using mock data
Open-Meteo API returned 400, using mock data
Open-Meteo API returned 400, using mock data
Open-Meteo API returned 400, using mock data
Open-Meteo API returned 400, using mock data
Open-Meteo API returned 400, using mock data
Open-Meteo API returned 400, using mock data
Open-Meteo API returned 400, using mock data
Open-Meteo API returned 400, using mock data
Open-Meteo API returned 400, using mock data
Open-Meteo API returned 400, using mock data
Open-Meteo API returned 400, using mock data
Open-Meteo API returned 400, using mock data
Open-Meteo API returned 400, using mock data
Open-Meteo API returned 400, using mock data
Open-Meteo API returned 400, using mock data
Open-Meteo API returned 400, using mock data
Open-Meteo API returned 400, using mock data
Open-Meteo API returned 400, using mock data
Open-Meteo API returned 400, using mock data
Open-Meteo API returned 400, using mock data
Open-Meteo API returned 400, using mock data
Open-Meteo API returned 400, using mock data
Open-Meteo API returned 400, using mock data
Open-Meteo API returned 400, using mock data
Open-Meteo API returned 400, using mock data
Open-Meteo API returned 400, using mock data
Open-Meteo API returned 400, using mock data
Open-Meteo API returned 400, using mock data
Open-Meteo API returned 400, using mock data
Open-Meteo API returned 400, using mock data
Open-Meteo API returned 400, using mock data
Open-Meteo API returned 400, using mock data
Open-Meteo API returned 400, using mock data
Open-Meteo API returned 400, using mock data
Open-Meteo API returned 400, using mock data
Open-Meteo API returned 400, using mock data
Open-Meteo API returned 400, using mock data
Open-Meteo API returned 400, using mock data
Open-Meteo API returned 400, using mock data
Open-Meteo API returned 400, using mock data
Open-Meteo API returned 400, using mock data
Open-Meteo API returned 400, using mock data
Open-Meteo API returned 400, using mock data
Open-Meteo API returned 400, using mock data
Open-Meteo API returned 400, using mock data
Open-Meteo API returned 400, using mock data
Open-Meteo API returned 400, using mock data
Open-Meteo API returned 400, using mock data
Open-Meteo API returned 400, using mock data
Open-Meteo API returned 400, using mock data
Open-Meteo API returned 400, using mock data
Open-Meteo API returned 400, using mock data
Open-Meteo API returned 400, using mock data
Open-Meteo API returned 400, using mock data
Open-Meteo API returned 400, using mock data
Open-Meteo API returned 400, using mock data
Open-Meteo API returned 400, using mock data
Open-Meteo API returned 400, using mock data
Open-Meteo API returned 400, using mock data
Open-Meteo API returned 400, using mock data
Open-Meteo API returned 400, using mock data
Open-Meteo API returned 400, using mock data
Open-Meteo API returned 400, using mock data
Open-Meteo API returned 400, using mock data
Open-Meteo API returned 400, using mock data
Open-Meteo API returned 400, using mock data
Open-Meteo API returned 400, using mock data
Open-Meteo API returned 400, using mock data
Open-Meteo API returned 400, using mock data
Failed to fetch marine data for 41.19,-8.7: fetch failed
Failed to fetch marine data for 39.372,-9.338: fetch failed
Failed to fetch marine data for 37.025,-8.935: fetch failed
Failed to fetch marine data for 37.294,-8.864: fetch failed
Failed to fetch marine data for 38.645,-9.236: fetch failed
Failed to fetch marine data for 38.733,-9.473: fetch failed
Failed to fetch marine data for 39.597,-9.073: fetch failed
Failed to fetch marine data for 40.96,-8.62: fetch failed
Open-Meteo API returned 400, using mock data
Open-Meteo API returned 400, using mock data
Open-Meteo API returned 400, using mock data
Open-Meteo API returned 400, using mock data
Open-Meteo API returned 400, using mock data
Open-Meteo API returned 400, using mock data
Open-Meteo API returned 400, using mock data
Open-Meteo API returned 400, using mock data
Open-Meteo API returned 400, using mock data
Open-Meteo API returned 400, using mock data
Open-Meteo API returned 400, using mock data
Open-Meteo API returned 400, using mock data
Open-Meteo API returned 400, using mock data
Open-Meteo API returned 400, using mock data
Open-Meteo API returned 400, using mock data
Open-Meteo API returned 400, using mock data
Open-Meteo API returned 400, using mock data
Open-Meteo API returned 400, using mock data
Open-Meteo API returned 400, using mock data
Open-Meteo API returned 400, using mock data
Open-Meteo API returned 400, using mock data
Open-Meteo API returned 400, using mock data
Open-Meteo API returned 400, using mock data
Open-Meteo API returned 400, using mock data
Open-Meteo API returned 400, using mock data
Open-Meteo API returned 400, using mock data
Open-Meteo API returned 400, using mock data
Open-Meteo API returned 400, using mock data
Open-Meteo API returned 400, using mock data
Open-Meteo API returned 400, using mock data
Open-Meteo API returned 400, using mock data
Open-Meteo API returned 400, using mock data
Open-Meteo API returned 400, using mock data
Open-Meteo API returned 400, using mock data
Open-Meteo API returned 400, using mock data
Open-Meteo API returned 400, using mock data
Open-Meteo API returned 400, using mock data
Open-Meteo API returned 400, using mock data
Open-Meteo API returned 400, using mock data
Open-Meteo API returned 400, using mock data
Open-Meteo API returned 400, using mock data
Open-Meteo API returned 400, using mock data
Open-Meteo API returned 400, using mock data
Open-Meteo API returned 400, using mock data
Open-Meteo API returned 400, using mock data
Open-Meteo API returned 400, using mock data
Open-Meteo API returned 400, using mock data
Open-Meteo API returned 400, using mock data
Open-Meteo API returned 400, using mock data
Open-Meteo API returned 400, using mock data
Open-Meteo API returned 400, using mock data
Open-Meteo API returned 400, using mock data
Open-Meteo API returned 400, using mock data
Open-Meteo API returned 400, using mock data
Open-Meteo API returned 400, using mock data
Open-Meteo API returned 400, using mock data
Open-Meteo API returned 400, using mock data
Open-Meteo API returned 400, using mock data
Open-Meteo API returned 400, using mock data
Open-Meteo API returned 400, using mock data
Open-Meteo API returned 400, using mock data
Open-Meteo API returned 400, using mock data
Open-Meteo API returned 400, using mock data
Open-Meteo API returned 400, using mock data
Open-Meteo API returned 400, using mock data
Open-Meteo API returned 400, using mock data
Open-Meteo API returned 400, using mock data
Open-Meteo API returned 400, using mock data
Failed to fetch marine data for 37.541,-8.794: fetch failed
Failed to fetch marine data for 37.953,-8.764: fetch failed
Failed to fetch marine data for 37.852,-8.792: fetch failed
Failed to fetch marine data for 37.723,-8.782: fetch failed
Failed to fetch marine data for 41.85,-8.862: fetch failed
Failed to fetch marine data for 41.815,-8.86: fetch failed
Failed to fetch marine data for 37.741,-25.669: fetch failed
Failed to fetch marine data for 32.74,-17.21: fetch failed
Failed to fetch marine data for 32.76,-17.225: fetch failed
Failed to fetch marine data for 41.687,-8.845: fetch failed
Failed to fetch marine data for 41.548,-8.789: fetch failed
Open-Meteo API returned 400, using mock data
Open-Meteo API returned 400, using mock data
Open-Meteo API returned 400, using mock data
Open-Meteo API returned 400, using mock data
Open-Meteo API returned 400, using mock data
Open-Meteo API returned 400, using mock data
Open-Meteo API returned 400, using mock data
Open-Meteo API returned 400, using mock data
Open-Meteo API returned 400, using mock data
Open-Meteo API returned 400, using mock data
Open-Meteo API returned 400, using mock data
Open-Meteo API returned 400, using mock data
Open-Meteo API returned 400, using mock data
Open-Meteo API returned 400, using mock data
Open-Meteo API returned 400, using mock data
Open-Meteo API returned 400, using mock data
Open-Meteo API returned 400, using mock data
Open-Meteo API returned 400, using mock data
Open-Meteo API returned 400, using mock data
Open-Meteo API returned 400, using mock data
Open-Meteo API returned 400, using mock data
Open-Meteo API returned 400, using mock data
Open-Meteo API returned 400, using mock data
Open-Meteo API returned 400, using mock data
Open-Meteo API returned 400, using mock data
Open-Meteo API returned 400, using mock data
Open-Meteo API returned 400, using mock data
Open-Meteo API returned 400, using mock data
Open-Meteo API returned 400, using mock data
Open-Meteo API returned 400, using mock data
Open-Meteo API returned 400, using mock data
Open-Meteo API returned 400, using mock data
Open-Meteo API returned 400, using mock data
Open-Meteo API returned 400, using mock data
Open-Meteo API returned 400, using mock data
Open-Meteo API returned 400, using mock data
Open-Meteo API returned 400, using mock data
Open-Meteo API returned 400, using mock data
Open-Meteo API returned 400, using mock data
Open-Meteo API returned 400, using mock data
Open-Meteo API returned 400, using mock data
Open-Meteo API returned 400, using mock data
Open-Meteo API returned 400, using mock data
Open-Meteo API returned 400, using mock data
Open-Meteo API returned 400, using mock data
Open-Meteo API returned 400, using mock data
Open-Meteo API returned 400, using mock data
Open-Meteo API returned 400, using mock data
Open-Meteo API returned 400, using mock data
Open-Meteo API returned 400, using mock data
Open-Meteo API returned 400, using mock data
Open-Meteo API returned 400, using mock data
Open-Meteo API returned 400, using mock data
Open-Meteo API returned 400, using mock data
Open-Meteo API returned 400, using mock data
Open-Meteo API returned 400, using mock data
Open-Meteo API returned 400, using mock data
Open-Meteo API returned 400, using mock data
Open-Meteo API returned 400, using mock data
Open-Meteo API returned 400, using mock data
Open-Meteo API returned 400, using mock data
Open-Meteo API returned 400, using mock data
Open-Meteo API returned 400, using mock data
Open-Meteo API returned 400, using mock data
Open-Meteo API returned 400, using mock data
Open-Meteo API returned 400, using mock data
Open-Meteo API returned 400, using mock data
Open-Meteo API returned 400, using mock data
Failed to fetch marine data for 39.427,-9.21: fetch failed
Failed to fetch marine data for 40.62,-8.747: fetch failed
Failed to fetch marine data for 37.183,-8.905: fetch failed
Failed to fetch marine data for 37.005,-8.925: fetch failed
Failed to fetch marine data for 41.007,-8.64: fetch failed
Failed to fetch marine data for 37.541,-8.794: fetch failed
Failed to fetch marine data for 37.723,-8.782: fetch failed
Failed to fetch marine data for 41.85,-8.862: fetch failed
Failed to fetch marine data for 41.815,-8.86: fetch failed
Failed to fetch marine data for 32.76,-17.225: fetch failed
Open-Meteo API returned 400, using mock data
Open-Meteo API returned 400, using mock data
Open-Meteo API returned 400, using mock data
Open-Meteo API returned 400, using mock data
Open-Meteo API returned 400, using mock data
Open-Meteo API returned 400, using mock data
Open-Meteo API returned 400, using mock data
Weather API returned 400, using defaults
Open-Meteo API returned 400, using mock data
Weather API returned 400, using defaults
Open-Meteo API returned 400, using mock data
Open-Meteo API returned 400, using mock data
Open-Meteo API returned 400, using mock data
Weather API returned 400, using defaults
Open-Meteo API returned 400, using mock data
Weather API returned 400, using defaults
Open-Meteo API returned 400, using mock data
Open-Meteo API returned 400, using mock data
Open-Meteo API returned 400, using mock data
Weather API returned 400, using defaults
Open-Meteo API returned 400, using mock data
Weather API returned 400, using defaults
Open-Meteo API returned 400, using mock data
Open-Meteo API returned 400, using mock data
Open-Meteo API returned 400, using mock data
Weather API returned 400, using defaults
Open-Meteo API returned 400, using mock data
Weather API returned 400, using defaults
Open-Meteo API returned 400, using mock data
Open-Meteo API returned 400, using mock data
Open-Meteo API returned 400, using mock data
Weather API returned 400, using defaults
Open-Meteo API returned 400, using mock data
Weather API returned 400, using defaults
Open-Meteo API returned 400, using mock data
Open-Meteo API returned 400, using mock data
Open-Meteo API returned 400, using mock data
Weather API returned 400, using defaults
Open-Meteo API returned 400, using mock data
Weather API returned 400, using defaults
Open-Meteo API returned 400, using mock data
Open-Meteo API returned 400, using mock data
Open-Meteo API returned 400, using mock data
Weather API returned 400, using defaults
Open-Meteo API returned 400, using mock data
Weather API returned 400, using defaults
Open-Meteo API returned 400, using mock data
Open-Meteo API returned 400, using mock data
Open-Meteo API returned 400, using mock data
Weather API returned 400, using defaults
Open-Meteo API returned 400, using mock data
Weather API returned 400, using defaults
Open-Meteo API returned 400, using mock data
Open-Meteo API returned 400, using mock data
Open-Meteo API returned 400, using mock data
Weather API returned 400, using defaults
Open-Meteo API returned 400, using mock data
Weather API returned 400, using defaults
Open-Meteo API returned 400, using mock data
Open-Meteo API returned 400, using mock data
Open-Meteo API returned 400, using mock data
Weather API returned 400, using defaults
Open-Meteo API returned 400, using mock data
Weather API returned 400, using defaults
Open-Meteo API returned 400, using mock data
Open-Meteo API returned 400, using mock data
Open-Meteo API returned 400, using mock data
Weather API returned 400, using defaults
Open-Meteo API returned 400, using mock data
Weather API returned 400, using defaults
Open-Meteo API returned 400, using mock data
Open-Meteo API returned 400, using mock data
Open-Meteo API returned 400, using mock data
Weather API returned 400, using defaults
Open-Meteo API returned 400, using mock data
Weather API returned 400, using defaults
Open-Meteo API returned 400, using mock data
Open-Meteo API returned 400, using mock data
Open-Meteo API returned 400, using mock data
Weather API returned 400, using defaults
Open-Meteo API returned 400, using mock data
Weather API returned 400, using defaults
Open-Meteo API returned 400, using mock data
Open-Meteo API returned 400, using mock data
Open-Meteo API returned 400, using mock data
Weather API returned 400, using defaults
Open-Meteo API returned 400, using mock data
Weather API returned 400, using defaults
Open-Meteo API returned 400, using mock data
Open-Meteo API returned 400, using mock data
Open-Meteo API returned 400, using mock data
Weather API returned 400, using defaults
Open-Meteo API returned 400, using mock data
Weather API returned 400, using defaults
Open-Meteo API returned 400, using mock data
Open-Meteo API returned 400, using mock data
Open-Meteo API returned 400, using mock data
Weather API returned 400, using defaults
Open-Meteo API returned 400, using mock data
Weather API returned 400, using defaults
Open-Meteo API returned 400, using mock data
Open-Meteo API returned 400, using mock data
Open-Meteo API returned 400, using mock data
Weather API returned 400, using defaults
Open-Meteo API returned 400, using mock data
Weather API returned 400, using defaults
Open-Meteo API returned 400, using mock data
Open-Meteo API returned 400, using mock data
Open-Meteo API returned 400, using mock data
Weather API returned 400, using defaults
Open-Meteo API returned 400, using mock data
Weather API returned 400, using defaults
Open-Meteo API returned 400, using mock data
Open-Meteo API returned 400, using mock data
Open-Meteo API returned 400, using mock data
Weather API returned 400, using defaults
Open-Meteo API returned 400, using mock data
Weather API returned 400, using defaults
Open-Meteo API returned 400, using mock data
Open-Meteo API returned 400, using mock data
Open-Meteo API returned 400, using mock data
Weather API returned 400, using defaults
Open-Meteo API returned 400, using mock data
Weather API returned 400, using defaults
Open-Meteo API returned 400, using mock data
Open-Meteo API returned 400, using mock data
Open-Meteo API returned 400, using mock data
Weather API returned 400, using defaults
Open-Meteo API returned 400, using mock data
Weather API returned 400, using defaults
Open-Meteo API returned 400, using mock data
Open-Meteo API returned 400, using mock data
Open-Meteo API returned 400, using mock data
Weather API returned 400, using defaults
Open-Meteo API returned 400, using mock data
Weather API returned 400, using defaults
Open-Meteo API returned 400, using mock data
Open-Meteo API returned 400, using mock data
Open-Meteo API returned 400, using mock data
Weather API returned 400, using defaults
Open-Meteo API returned 400, using mock data
Weather API returned 400, using defaults
Open-Meteo API returned 400, using mock data
Open-Meteo API returned 400, using mock data
Open-Meteo API returned 400, using mock data
Weather API returned 400, using defaults
Open-Meteo API returned 400, using mock data
Weather API returned 400, using defaults
Open-Meteo API returned 400, using mock data
Open-Meteo API returned 400, using mock data
Open-Meteo API returned 400, using mock data
Weather API returned 400, using defaults
Open-Meteo API returned 400, using mock data
Weather API returned 400, using defaults
Open-Meteo API returned 400, using mock data
Open-Meteo API returned 400, using mock data
Open-Meteo API returned 400, using mock data
Weather API returned 400, using defaults
Open-Meteo API returned 400, using mock data
Weather API returned 400, using defaults
Open-Meteo API returned 400, using mock data
Open-Meteo API returned 400, using mock data
Open-Meteo API returned 400, using mock data
Weather API returned 400, using defaults
Open-Meteo API returned 400, using mock data
Weather API returned 400, using defaults
Open-Meteo API returned 400, using mock data
Open-Meteo API returned 400, using mock data
Open-Meteo API returned 400, using mock data
Weather API returned 400, using defaults
Open-Meteo API returned 400, using mock data
Weather API returned 400, using defaults
Open-Meteo API returned 400, using mock data
Open-Meteo API returned 400, using mock data
Open-Meteo API returned 400, using mock data
Weather API returned 400, using defaults
Open-Meteo API returned 400, using mock data
Weather API returned 400, using defaults
Open-Meteo API returned 400, using mock data
Open-Meteo API returned 400, using mock data
Open-Meteo API returned 400, using mock data
Weather API returned 400, using defaults
Open-Meteo API returned 400, using mock data
Weather API returned 400, using defaults
Open-Meteo API returned 400, using mock data
   Generating static pages (40/160) 
Open-Meteo API returned 400, using mock data
Open-Meteo API returned 400, using mock data
Weather API returned 400, using defaults
Open-Meteo API returned 400, using mock data
Weather API returned 400, using defaults
Open-Meteo API returned 400, using mock data
Open-Meteo API returned 400, using mock data
Open-Meteo API returned 400, using mock data
Weather API returned 400, using defaults
Open-Meteo API returned 400, using mock data
Weather API returned 400, using defaults
Open-Meteo API returned 400, using mock data
Open-Meteo API returned 400, using mock data
Open-Meteo API returned 400, using mock data
Weather API returned 400, using defaults
Open-Meteo API returned 400, using mock data
Weather API returned 400, using defaults
Open-Meteo API returned 400, using mock data
Open-Meteo API returned 400, using mock data
Open-Meteo API returned 400, using mock data
Weather API returned 400, using defaults
Open-Meteo API returned 400, using mock data
Weather API returned 400, using defaults
Open-Meteo API returned 400, using mock data
Open-Meteo API returned 400, using mock data
Open-Meteo API returned 400, using mock data
Weather API returned 400, using defaults
Open-Meteo API returned 400, using mock data
Weather API returned 400, using defaults
Open-Meteo API returned 400, using mock data
Open-Meteo API returned 400, using mock data
Open-Meteo API returned 400, using mock data
Weather API returned 400, using defaults
Open-Meteo API returned 400, using mock data
Weather API returned 400, using defaults
Open-Meteo API returned 400, using mock data
Open-Meteo API returned 400, using mock data
Open-Meteo API returned 400, using mock data
Weather API returned 400, using defaults
Open-Meteo API returned 400, using mock data
Weather API returned 400, using defaults
Open-Meteo API returned 400, using mock data
Open-Meteo API returned 400, using mock data
Open-Meteo API returned 400, using mock data
Weather API returned 400, using defaults
Open-Meteo API returned 400, using mock data
Weather API returned 400, using defaults
Open-Meteo API returned 400, using mock data
Open-Meteo API returned 400, using mock data
Open-Meteo API returned 400, using mock data
Weather API returned 400, using defaults
Open-Meteo API returned 400, using mock data
Weather API returned 400, using defaults
Open-Meteo API returned 400, using mock data
Open-Meteo API returned 400, using mock data
Open-Meteo API returned 400, using mock data
Weather API returned 400, using defaults
Open-Meteo API returned 400, using mock data
Weather API returned 400, using defaults
Open-Meteo API returned 400, using mock data
Open-Meteo API returned 400, using mock data
Open-Meteo API returned 400, using mock data
Weather API returned 400, using defaults
Open-Meteo API returned 400, using mock data
Weather API returned 400, using defaults
Open-Meteo API returned 400, using mock data
Open-Meteo API returned 400, using mock data
Open-Meteo API returned 400, using mock data
Weather API returned 400, using defaults
Open-Meteo API returned 400, using mock data
Weather API returned 400, using defaults
Open-Meteo API returned 400, using mock data
Open-Meteo API returned 400, using mock data
Open-Meteo API returned 400, using mock data
Weather API returned 400, using defaults
Open-Meteo API returned 400, using mock data
Weather API returned 400, using defaults
Open-Meteo API returned 400, using mock data
Open-Meteo API returned 400, using mock data
Open-Meteo API returned 400, using mock data
Weather API returned 400, using defaults
Open-Meteo API returned 400, using mock data
Weather API returned 400, using defaults
Open-Meteo API returned 400, using mock data
Open-Meteo API returned 400, using mock data
Open-Meteo API returned 400, using mock data
Weather API returned 400, using defaults
Open-Meteo API returned 400, using mock data
Weather API returned 400, using defaults
Open-Meteo API returned 400, using mock data
Open-Meteo API returned 400, using mock data
Open-Meteo API returned 400, using mock data
Weather API returned 400, using defaults
Open-Meteo API returned 400, using mock data
Weather API returned 400, using defaults
Open-Meteo API returned 400, using mock data
Open-Meteo API returned 400, using mock data
Open-Meteo API returned 400, using mock data
Weather API returned 400, using defaults
Open-Meteo API returned 400, using mock data
Weather API returned 400, using defaults
Open-Meteo API returned 400, using mock data
Open-Meteo API returned 400, using mock data
Open-Meteo API returned 400, using mock data
Weather API returned 400, using defaults
Open-Meteo API returned 400, using mock data
Weather API returned 400, using defaults
Open-Meteo API returned 400, using mock data
Open-Meteo API returned 400, using mock data
Open-Meteo API returned 400, using mock data
Weather API returned 400, using defaults
Open-Meteo API returned 400, using mock data
Weather API returned 400, using defaults
Open-Meteo API returned 400, using mock data
Failed to fetch marine data for 38.645,-9.236: fetch failed
Failed to fetch marine data for 38.645,-9.236: fetch failed
Weather API returned 400, using defaults
Failed to fetch marine data for 38.645,-9.236: fetch failed
Weather API returned 400, using defaults
Failed to fetch marine data for 38.645,-9.236: fetch failed
Failed to fetch marine data for 38.58,-9.212: fetch failed
Failed to fetch marine data for 38.58,-9.212: fetch failed
Weather API returned 400, using defaults
Failed to fetch marine data for 38.58,-9.212: fetch failed
Weather API returned 400, using defaults
Failed to fetch marine data for 38.58,-9.212: fetch failed
Failed to fetch marine data for 38.58,-9.212: fetch failed
Failed to fetch marine data for 38.58,-9.212: fetch failed
Weather API returned 400, using defaults
Weather API returned 400, using defaults
Failed to fetch marine data for 38.58,-9.212: fetch failed
Open-Meteo API returned 400, using mock data
Open-Meteo API returned 400, using mock data
Open-Meteo API returned 400, using mock data
Weather API returned 400, using defaults
Open-Meteo API returned 400, using mock data
Weather API returned 400, using defaults
Open-Meteo API returned 400, using mock data
Open-Meteo API returned 400, using mock data
Open-Meteo API returned 400, using mock data
Weather API returned 400, using defaults
Open-Meteo API returned 400, using mock data
Weather API returned 400, using defaults
Open-Meteo API returned 400, using mock data
Open-Meteo API returned 400, using mock data
Open-Meteo API returned 400, using mock data
Weather API returned 400, using defaults
Open-Meteo API returned 400, using mock data
Weather API returned 400, using defaults
Open-Meteo API returned 400, using mock data
Open-Meteo API returned 400, using mock data
Open-Meteo API returned 400, using mock data
Weather API returned 400, using defaults
Open-Meteo API returned 400, using mock data
Weather API returned 400, using defaults
Open-Meteo API returned 400, using mock data
Open-Meteo API returned 400, using mock data
Open-Meteo API returned 400, using mock data
Weather API returned 400, using defaults
Open-Meteo API returned 400, using mock data
Weather API returned 400, using defaults
Open-Meteo API returned 400, using mock data
Open-Meteo API returned 400, using mock data
Open-Meteo API returned 400, using mock data
Weather API returned 400, using defaults
Open-Meteo API returned 400, using mock data
Weather API returned 400, using defaults
Open-Meteo API returned 400, using mock data
Open-Meteo API returned 400, using mock data
Open-Meteo API returned 400, using mock data
Weather API returned 400, using defaults
Open-Meteo API returned 400, using mock data
Weather API returned 400, using defaults
Open-Meteo API returned 400, using mock data
Open-Meteo API returned 400, using mock data
Open-Meteo API returned 400, using mock data
Weather API returned 400, using defaults
Open-Meteo API returned 400, using mock data
Weather API returned 400, using defaults
Open-Meteo API returned 400, using mock data
Open-Meteo API returned 400, using mock data
Open-Meteo API returned 400, using mock data
Weather API returned 400, using defaults
Open-Meteo API returned 400, using mock data
Weather API returned 400, using defaults
Open-Meteo API returned 400, using mock data
Open-Meteo API returned 400, using mock data
Open-Meteo API returned 400, using mock data
Weather API returned 400, using defaults
Open-Meteo API returned 400, using mock data
Weather API returned 400, using defaults
Open-Meteo API returned 400, using mock data
Open-Meteo API returned 400, using mock data
Open-Meteo API returned 400, using mock data
Weather API returned 400, using defaults
Open-Meteo API returned 400, using mock data
Weather API returned 400, using defaults
Open-Meteo API returned 400, using mock data
Open-Meteo API returned 400, using mock data
Open-Meteo API returned 400, using mock data
Weather API returned 400, using defaults
Open-Meteo API returned 400, using mock data
Weather API returned 400, using defaults
Open-Meteo API returned 400, using mock data
Open-Meteo API returned 400, using mock data
Open-Meteo API returned 400, using mock data
Weather API returned 400, using defaults
Open-Meteo API returned 400, using mock data
Weather API returned 400, using defaults
Open-Meteo API returned 400, using mock data
Open-Meteo API returned 400, using mock data
Open-Meteo API returned 400, using mock data
Weather API returned 400, using defaults
Open-Meteo API returned 400, using mock data
Weather API returned 400, using defaults
Open-Meteo API returned 400, using mock data
Open-Meteo API returned 400, using mock data
Open-Meteo API returned 400, using mock data
Weather API returned 400, using defaults
Open-Meteo API returned 400, using mock data
Weather API returned 400, using defaults
Open-Meteo API returned 400, using mock data
Open-Meteo API returned 400, using mock data
Open-Meteo API returned 400, using mock data
Weather API returned 400, using defaults
Open-Meteo API returned 400, using mock data
Weather API returned 400, using defaults
Open-Meteo API returned 400, using mock data
Open-Meteo API returned 400, using mock data
Open-Meteo API returned 400, using mock data
Weather API returned 400, using defaults
Open-Meteo API returned 400, using mock data
Weather API returned 400, using defaults
Open-Meteo API returned 400, using mock data
Open-Meteo API returned 400, using mock data
Open-Meteo API returned 400, using mock data
Weather API returned 400, using defaults
Open-Meteo API returned 400, using mock data
Weather API returned 400, using defaults
Open-Meteo API returned 400, using mock data
   Generating static pages (80/160) 
Open-Meteo API returned 400, using mock data
Open-Meteo API returned 400, using mock data
Weather API returned 400, using defaults
Open-Meteo API returned 400, using mock data
Weather API returned 400, using defaults
Open-Meteo API returned 400, using mock data
Open-Meteo API returned 400, using mock data
Open-Meteo API returned 400, using mock data
Weather API returned 400, using defaults
Open-Meteo API returned 400, using mock data
Weather API returned 400, using defaults
Open-Meteo API returned 400, using mock data
Open-Meteo API returned 400, using mock data
Open-Meteo API returned 400, using mock data
Weather API returned 400, using defaults
Open-Meteo API returned 400, using mock data
Weather API returned 400, using defaults
Open-Meteo API returned 400, using mock data
Open-Meteo API returned 400, using mock data
Open-Meteo API returned 400, using mock data
Weather API returned 400, using defaults
Open-Meteo API returned 400, using mock data
Weather API returned 400, using defaults
Open-Meteo API returned 400, using mock data
Open-Meteo API returned 400, using mock data
Open-Meteo API returned 400, using mock data
Weather API returned 400, using defaults
Open-Meteo API returned 400, using mock data
Weather API returned 400, using defaults
Open-Meteo API returned 400, using mock data
Open-Meteo API returned 400, using mock data
Open-Meteo API returned 400, using mock data
Weather API returned 400, using defaults
Open-Meteo API returned 400, using mock data
Weather API returned 400, using defaults
Open-Meteo API returned 400, using mock data
Open-Meteo API returned 400, using mock data
Open-Meteo API returned 400, using mock data
Weather API returned 400, using defaults
Open-Meteo API returned 400, using mock data
Weather API returned 400, using defaults
Failed to fetch marine data for 37.139,-8.535: fetch failed
Failed to fetch marine data for 37.139,-8.535: fetch failed
Weather API returned 400, using defaults
Failed to fetch marine data for 37.139,-8.535: fetch failed
Open-Meteo API returned 400, using mock data
Weather API returned 400, using defaults
Open-Meteo API returned 400, using mock data
Open-Meteo API returned 400, using mock data
Open-Meteo API returned 400, using mock data
Weather API returned 400, using defaults
Open-Meteo API returned 400, using mock data
Weather API returned 400, using defaults
Open-Meteo API returned 400, using mock data
Open-Meteo API returned 400, using mock data
Open-Meteo API returned 400, using mock data
Weather API returned 400, using defaults
Open-Meteo API returned 400, using mock data
Weather API returned 400, using defaults
Open-Meteo API returned 400, using mock data
Open-Meteo API returned 400, using mock data
Open-Meteo API returned 400, using mock data
Weather API returned 400, using defaults
Open-Meteo API returned 400, using mock data
Weather API returned 400, using defaults
Open-Meteo API returned 400, using mock data
Open-Meteo API returned 400, using mock data
Open-Meteo API returned 400, using mock data
Weather API returned 400, using defaults
Open-Meteo API returned 400, using mock data
Weather API returned 400, using defaults
Open-Meteo API returned 400, using mock data
Open-Meteo API returned 400, using mock data
Open-Meteo API returned 400, using mock data
Weather API returned 400, using defaults
Open-Meteo API returned 400, using mock data
Weather API returned 400, using defaults
Open-Meteo API returned 400, using mock data
Open-Meteo API returned 400, using mock data
Open-Meteo API returned 400, using mock data
Weather API returned 400, using defaults
Open-Meteo API returned 400, using mock data
Weather API returned 400, using defaults
Open-Meteo API returned 400, using mock data
Open-Meteo API returned 400, using mock data
Open-Meteo API returned 400, using mock data
Weather API returned 400, using defaults
Open-Meteo API returned 400, using mock data
Weather API returned 400, using defaults
Open-Meteo API returned 400, using mock data
Open-Meteo API returned 400, using mock data
Open-Meteo API returned 400, using mock data
Weather API returned 400, using defaults
Open-Meteo API returned 400, using mock data
Weather API returned 400, using defaults
Open-Meteo API returned 400, using mock data
Open-Meteo API returned 400, using mock data
Open-Meteo API returned 400, using mock data
Weather API returned 400, using defaults
Open-Meteo API returned 400, using mock data
Weather API returned 400, using defaults
Open-Meteo API returned 400, using mock data
Open-Meteo API returned 400, using mock data
Open-Meteo API returned 400, using mock data
Weather API returned 400, using defaults
Open-Meteo API returned 400, using mock data
Weather API returned 400, using defaults
Open-Meteo API returned 400, using mock data
Open-Meteo API returned 400, using mock data
Open-Meteo API returned 400, using mock data
Weather API returned 400, using defaults
Open-Meteo API returned 400, using mock data
Weather API returned 400, using defaults
Open-Meteo API returned 400, using mock data
Open-Meteo API returned 400, using mock data
Open-Meteo API returned 400, using mock data
Weather API returned 400, using defaults
Open-Meteo API returned 400, using mock data
Weather API returned 400, using defaults
Open-Meteo API returned 400, using mock data
Open-Meteo API returned 400, using mock data
Open-Meteo API returned 400, using mock data
Weather API returned 400, using defaults
Open-Meteo API returned 400, using mock data
Weather API returned 400, using defaults
Open-Meteo API returned 400, using mock data
Open-Meteo API returned 400, using mock data
Open-Meteo API returned 400, using mock data
Weather API returned 400, using defaults
Open-Meteo API returned 400, using mock data
Weather API returned 400, using defaults
Open-Meteo API returned 400, using mock data
Open-Meteo API returned 400, using mock data
Open-Meteo API returned 400, using mock data
Weather API returned 400, using defaults
Open-Meteo API returned 400, using mock data
Weather API returned 400, using defaults
Open-Meteo API returned 400, using mock data
Open-Meteo API returned 400, using mock data
Open-Meteo API returned 400, using mock data
Weather API returned 400, using defaults
Open-Meteo API returned 400, using mock data
Weather API returned 400, using defaults
Open-Meteo API returned 400, using mock data
Open-Meteo API returned 400, using mock data
Open-Meteo API returned 400, using mock data
Weather API returned 400, using defaults
Open-Meteo API returned 400, using mock data
Weather API returned 400, using defaults
Open-Meteo API returned 400, using mock data
Open-Meteo API returned 400, using mock data
Open-Meteo API returned 400, using mock data
Weather API returned 400, using defaults
Open-Meteo API returned 400, using mock data
Weather API returned 400, using defaults
Open-Meteo API returned 400, using mock data
Open-Meteo API returned 400, using mock data
Open-Meteo API returned 400, using mock data
Weather API returned 400, using defaults
Open-Meteo API returned 400, using mock data
Weather API returned 400, using defaults
Open-Meteo API returned 400, using mock data
Open-Meteo API returned 400, using mock data
Open-Meteo API returned 400, using mock data
Weather API returned 400, using defaults
Open-Meteo API returned 400, using mock data
Weather API returned 400, using defaults
Open-Meteo API returned 400, using mock data
Open-Meteo API returned 400, using mock data
Open-Meteo API returned 400, using mock data
Weather API returned 400, using defaults
Open-Meteo API returned 400, using mock data
Weather API returned 400, using defaults
Open-Meteo API returned 400, using mock data
Open-Meteo API returned 400, using mock data
Open-Meteo API returned 400, using mock data
Weather API returned 400, using defaults
Open-Meteo API returned 400, using mock data
Weather API returned 400, using defaults
Open-Meteo API returned 400, using mock data
Open-Meteo API returned 400, using mock data
Open-Meteo API returned 400, using mock data
Weather API returned 400, using defaults
Open-Meteo API returned 400, using mock data
Weather API returned 400, using defaults
Open-Meteo API returned 400, using mock data
Open-Meteo API returned 400, using mock data
Open-Meteo API returned 400, using mock data
Weather API returned 400, using defaults
Open-Meteo API returned 400, using mock data
Weather API returned 400, using defaults
Open-Meteo API returned 400, using mock data
Open-Meteo API returned 400, using mock data
Open-Meteo API returned 400, using mock data
Weather API returned 400, using defaults
Failed to fetch marine data for 32.767,-16.833: fetch failed
Weather API returned 400, using defaults
Failed to fetch marine data for 32.767,-16.833: fetch failed
Open-Meteo API returned 400, using mock data
Open-Meteo API returned 400, using mock data
Weather API returned 400, using defaults
Open-Meteo API returned 400, using mock data
Weather API returned 400, using defaults
Open-Meteo API returned 400, using mock data
Open-Meteo API returned 400, using mock data
Open-Meteo API returned 400, using mock data
Weather API returned 400, using defaults
Open-Meteo API returned 400, using mock data
Weather API returned 400, using defaults
Open-Meteo API returned 400, using mock data
Open-Meteo API returned 400, using mock data
Open-Meteo API returned 400, using mock data
Weather API returned 400, using defaults
Open-Meteo API returned 400, using mock data
Weather API returned 400, using defaults
Open-Meteo API returned 400, using mock data
Open-Meteo API returned 400, using mock data
Open-Meteo API returned 400, using mock data
Weather API returned 400, using defaults
Open-Meteo API returned 400, using mock data
Weather API returned 400, using defaults
Open-Meteo API returned 400, using mock data
Open-Meteo API returned 400, using mock data
Open-Meteo API returned 400, using mock data
Weather API returned 400, using defaults
Open-Meteo API returned 400, using mock data
Weather API returned 400, using defaults
Open-Meteo API returned 400, using mock data
Open-Meteo API returned 400, using mock data
Open-Meteo API returned 400, using mock data
Weather API returned 400, using defaults
Open-Meteo API returned 400, using mock data
Weather API returned 400, using defaults
Open-Meteo API returned 400, using mock data
Open-Meteo API returned 400, using mock data
Open-Meteo API returned 400, using mock data
Weather API returned 400, using defaults
Open-Meteo API returned 400, using mock data
Weather API returned 400, using defaults
Open-Meteo API returned 400, using mock data
   Generating static pages (120/160) 
Open-Meteo API returned 400, using mock data
Open-Meteo API returned 400, using mock data
Weather API returned 400, using defaults
Open-Meteo API returned 400, using mock data
Weather API returned 400, using defaults
Open-Meteo API returned 400, using mock data
Open-Meteo API returned 400, using mock data
Open-Meteo API returned 400, using mock data
Weather API returned 400, using defaults
Open-Meteo API returned 400, using mock data
Weather API returned 400, using defaults
Open-Meteo API returned 400, using mock data
Open-Meteo API returned 400, using mock data
Open-Meteo API returned 400, using mock data
Weather API returned 400, using defaults
Open-Meteo API returned 400, using mock data
Weather API returned 400, using defaults
Open-Meteo API returned 400, using mock data
Open-Meteo API returned 400, using mock data
Open-Meteo API returned 400, using mock data
Weather API returned 400, using defaults
Open-Meteo API returned 400, using mock data
Weather API returned 400, using defaults
Open-Meteo API returned 400, using mock data
Open-Meteo API returned 400, using mock data
Open-Meteo API returned 400, using mock data
Weather API returned 400, using defaults
Open-Meteo API returned 400, using mock data
Weather API returned 400, using defaults
Open-Meteo API returned 400, using mock data
Open-Meteo API returned 400, using mock data
Open-Meteo API returned 400, using mock data
Weather API returned 400, using defaults
Open-Meteo API returned 400, using mock data
Weather API returned 400, using defaults
Open-Meteo API returned 400, using mock data
Open-Meteo API returned 400, using mock data
Open-Meteo API returned 400, using mock data
Weather API returned 400, using defaults
Open-Meteo API returned 400, using mock data
Weather API returned 400, using defaults
Open-Meteo API returned 400, using mock data
Open-Meteo API returned 400, using mock data
Open-Meteo API returned 400, using mock data
Weather API returned 400, using defaults
Open-Meteo API returned 400, using mock data
Weather API returned 400, using defaults
Open-Meteo API returned 400, using mock data
Open-Meteo API returned 400, using mock data
Open-Meteo API returned 400, using mock data
Weather API returned 400, using defaults
Open-Meteo API returned 400, using mock data
Weather API returned 400, using defaults
Open-Meteo API returned 400, using mock data
Open-Meteo API returned 400, using mock data
Open-Meteo API returned 400, using mock data
Weather API returned 400, using defaults
Open-Meteo API returned 400, using mock data
Weather API returned 400, using defaults
Open-Meteo API returned 400, using mock data
Open-Meteo API returned 400, using mock data
Open-Meteo API returned 400, using mock data
Weather API returned 400, using defaults
Open-Meteo API returned 400, using mock data
Weather API returned 400, using defaults
Open-Meteo API returned 400, using mock data
Open-Meteo API returned 400, using mock data
Open-Meteo API returned 400, using mock data
Weather API returned 400, using defaults
Open-Meteo API returned 400, using mock data
Weather API returned 400, using defaults
Open-Meteo API returned 400, using mock data
Open-Meteo API returned 400, using mock data
Open-Meteo API returned 400, using mock data
Weather API returned 400, using defaults
Open-Meteo API returned 400, using mock data
Weather API returned 400, using defaults
Open-Meteo API returned 400, using mock data
Open-Meteo API returned 400, using mock data
Open-Meteo API returned 400, using mock data
Weather API returned 400, using defaults
Open-Meteo API returned 400, using mock data
Weather API returned 400, using defaults
Open-Meteo API returned 400, using mock data
Open-Meteo API returned 400, using mock data
Open-Meteo API returned 400, using mock data
Weather API returned 400, using defaults
Open-Meteo API returned 400, using mock data
Weather API returned 400, using defaults
Open-Meteo API returned 400, using mock data
Open-Meteo API returned 400, using mock data
Open-Meteo API returned 400, using mock data
Weather API returned 400, using defaults
Open-Meteo API returned 400, using mock data
Weather API returned 400, using defaults
Open-Meteo API returned 400, using mock data
Open-Meteo API returned 400, using mock data
Open-Meteo API returned 400, using mock data
Weather API returned 400, using defaults
Open-Meteo API returned 400, using mock data
Weather API returned 400, using defaults
Open-Meteo API returned 400, using mock data
Open-Meteo API returned 400, using mock data
Open-Meteo API returned 400, using mock data
Weather API returned 400, using defaults
Open-Meteo API returned 400, using mock data
Weather API returned 400, using defaults
Open-Meteo API returned 400, using mock data
Failed to fetch marine data for 38.501,-9.14: fetch failed
Weather API returned 400, using defaults
Open-Meteo API returned 400, using mock data
Open-Meteo API returned 400, using mock data
Weather API returned 400, using defaults
Open-Meteo API returned 400, using mock data
Open-Meteo API returned 400, using mock data
Open-Meteo API returned 400, using mock data
Weather API returned 400, using defaults
Open-Meteo API returned 400, using mock data
Weather API returned 400, using defaults
Open-Meteo API returned 400, using mock data
Open-Meteo API returned 400, using mock data
Open-Meteo API returned 400, using mock data
Weather API returned 400, using defaults
Open-Meteo API returned 400, using mock data
Weather API returned 400, using defaults
Open-Meteo API returned 400, using mock data
Open-Meteo API returned 400, using mock data
Open-Meteo API returned 400, using mock data
Weather API returned 400, using defaults
Open-Meteo API returned 400, using mock data
Weather API returned 400, using defaults
Open-Meteo API returned 400, using mock data
Open-Meteo API returned 400, using mock data
Open-Meteo API returned 400, using mock data
Weather API returned 400, using defaults
Open-Meteo API returned 400, using mock data
Weather API returned 400, using defaults
Open-Meteo API returned 400, using mock data
Open-Meteo API returned 400, using mock data
Open-Meteo API returned 400, using mock data
Weather API returned 400, using defaults
Open-Meteo API returned 400, using mock data
Weather API returned 400, using defaults
Open-Meteo API returned 400, using mock data
Open-Meteo API returned 400, using mock data
Open-Meteo API returned 400, using mock data
Weather API returned 400, using defaults
Open-Meteo API returned 400, using mock data
Weather API returned 400, using defaults
Open-Meteo API returned 400, using mock data
Open-Meteo API returned 400, using mock data
Open-Meteo API returned 400, using mock data
Weather API returned 400, using defaults
Open-Meteo API returned 400, using mock data
Weather API returned 400, using defaults
Open-Meteo API returned 400, using mock data
Open-Meteo API returned 400, using mock data
Open-Meteo API returned 400, using mock data
Weather API returned 400, using defaults
Open-Meteo API returned 400, using mock data
Weather API returned 400, using defaults
Open-Meteo API returned 400, using mock data
Open-Meteo API returned 400, using mock data
Open-Meteo API returned 400, using mock data
Weather API returned 400, using defaults
Open-Meteo API returned 400, using mock data
Weather API returned 400, using defaults
Open-Meteo API returned 400, using mock data
Open-Meteo API returned 400, using mock data
Open-Meteo API returned 400, using mock data
Weather API returned 400, using defaults
Open-Meteo API returned 400, using mock data
Weather API returned 400, using defaults
Open-Meteo API returned 400, using mock data
Open-Meteo API returned 400, using mock data
Open-Meteo API returned 400, using mock data
Weather API returned 400, using defaults
Open-Meteo API returned 400, using mock data
Weather API returned 400, using defaults
Open-Meteo API returned 400, using mock data
Open-Meteo API returned 400, using mock data
Open-Meteo API returned 400, using mock data
Weather API returned 400, using defaults
Open-Meteo API returned 400, using mock data
Weather API returned 400, using defaults
Open-Meteo API returned 400, using mock data
Open-Meteo API returned 400, using mock data
Open-Meteo API returned 400, using mock data
Weather API returned 400, using defaults
Open-Meteo API returned 400, using mock data
Weather API returned 400, using defaults
Open-Meteo API returned 400, using mock data
Open-Meteo API returned 400, using mock data
Open-Meteo API returned 400, using mock data
Weather API returned 400, using defaults
Open-Meteo API returned 400, using mock data
Weather API returned 400, using defaults
Open-Meteo API returned 400, using mock data
Open-Meteo API returned 400, using mock data
Open-Meteo API returned 400, using mock data
Weather API returned 400, using defaults
Open-Meteo API returned 400, using mock data
Weather API returned 400, using defaults
Open-Meteo API returned 400, using mock data
Open-Meteo API returned 400, using mock data
Open-Meteo API returned 400, using mock data
Weather API returned 400, using defaults
Open-Meteo API returned 400, using mock data
Weather API returned 400, using defaults
Open-Meteo API returned 400, using mock data
Open-Meteo API returned 400, using mock data
Open-Meteo API returned 400, using mock data
Weather API returned 400, using defaults
Open-Meteo API returned 400, using mock data
Weather API returned 400, using defaults
Open-Meteo API returned 400, using mock data
Open-Meteo API returned 400, using mock data
Open-Meteo API returned 400, using mock data
Weather API returned 400, using defaults
Open-Meteo API returned 400, using mock data
Weather API returned 400, using defaults
Open-Meteo API returned 400, using mock data
Open-Meteo API returned 400, using mock data
Open-Meteo API returned 400, using mock data
Weather API returned 400, using defaults
Open-Meteo API returned 400, using mock data
Weather API returned 400, using defaults
Open-Meteo API returned 400, using mock data
n [Error]: Route /pt/ with `dynamic = "error"` couldn't be rendered statically because it used `searchParams.sport`. See more info here: https://nextjs.org/docs/app/building-your-application/rendering/static-and-dynamic#dynamic-rendering
    at c (/root/.openclaw/workspace/windspot-pt/.next/server/chunks/937.js:2:50148)
    at Object.get (/root/.openclaw/workspace/windspot-pt/.next/server/chunks/937.js:2:14793)
    at E (/root/.openclaw/workspace/windspot-pt/.next/server/app/[locale]/page.js:1:13010)
    at eh (/root/.openclaw/workspace/windspot-pt/node_modules/next/dist/compiled/next-server/app-page.runtime.prod.js:12:134660)
    at e (/root/.openclaw/workspace/windspot-pt/node_modules/next/dist/compiled/next-server/app-page.runtime.prod.js:12:137545)
    at ek (/root/.openclaw/workspace/windspot-pt/node_modules/next/dist/compiled/next-server/app-page.runtime.prod.js:12:138019)
    at Array.toJSON (/root/.openclaw/workspace/windspot-pt/node_modules/next/dist/compiled/next-server/app-page.runtime.prod.js:12:135629)
    at stringify (<anonymous>)
    at eP (/root/.openclaw/workspace/windspot-pt/node_modules/next/dist/compiled/next-server/app-page.runtime.prod.js:12:142093)
    at eE (/root/.openclaw/workspace/windspot-pt/node_modules/next/dist/compiled/next-server/app-page.runtime.prod.js:12:142572) {
  code: 'NEXT_STATIC_GEN_BAILOUT',
  digest: '4183728115'
}
n [Error]: Route /pt/ with `dynamic = "error"` couldn't be rendered statically because it used `searchParams.sport`. See more info here: https://nextjs.org/docs/app/building-your-application/rendering/static-and-dynamic#dynamic-rendering
    at c (/root/.openclaw/workspace/windspot-pt/.next/server/chunks/937.js:2:50148)
    at Object.get (/root/.openclaw/workspace/windspot-pt/.next/server/chunks/937.js:2:14793)
    at E (/root/.openclaw/workspace/windspot-pt/.next/server/app/[locale]/page.js:1:13010)
    at eh (/root/.openclaw/workspace/windspot-pt/node_modules/next/dist/compiled/next-server/app-page.runtime.prod.js:12:134660)
    at e (/root/.openclaw/workspace/windspot-pt/node_modules/next/dist/compiled/next-server/app-page.runtime.prod.js:12:137545)
    at ek (/root/.openclaw/workspace/windspot-pt/node_modules/next/dist/compiled/next-server/app-page.runtime.prod.js:12:138019)
    at Array.toJSON (/root/.openclaw/workspace/windspot-pt/node_modules/next/dist/compiled/next-server/app-page.runtime.prod.js:12:135629)
    at stringify (<anonymous>)
    at eP (/root/.openclaw/workspace/windspot-pt/node_modules/next/dist/compiled/next-server/app-page.runtime.prod.js:12:142093)
    at eE (/root/.openclaw/workspace/windspot-pt/node_modules/next/dist/compiled/next-server/app-page.runtime.prod.js:12:142572) {
  code: 'NEXT_STATIC_GEN_BAILOUT',
  digest: '4183728115'
}
n [Error]: Route /pt/ with `dynamic = "error"` couldn't be rendered statically because it used `searchParams.sport`. See more info here: https://nextjs.org/docs/app/building-your-application/rendering/static-and-dynamic#dynamic-rendering
    at c (/root/.openclaw/workspace/windspot-pt/.next/server/chunks/937.js:2:50148)
    at Object.get (/root/.openclaw/workspace/windspot-pt/.next/server/chunks/937.js:2:14793)
    at E (/root/.openclaw/workspace/windspot-pt/.next/server/app/[locale]/page.js:1:13010)
    at eh (/root/.openclaw/workspace/windspot-pt/node_modules/next/dist/compiled/next-server/app-page.runtime.prod.js:12:134660)
    at e (/root/.openclaw/workspace/windspot-pt/node_modules/next/dist/compiled/next-server/app-page.runtime.prod.js:12:137545)
    at ek (/root/.openclaw/workspace/windspot-pt/node_modules/next/dist/compiled/next-server/app-page.runtime.prod.js:12:138019)
    at Array.toJSON (/root/.openclaw/workspace/windspot-pt/node_modules/next/dist/compiled/next-server/app-page.runtime.prod.js:12:135629)
    at stringify (<anonymous>)
    at eP (/root/.openclaw/workspace/windspot-pt/node_modules/next/dist/compiled/next-server/app-page.runtime.prod.js:12:142093)
    at eE (/root/.openclaw/workspace/windspot-pt/node_modules/next/dist/compiled/next-server/app-page.runtime.prod.js:12:142572) {
  code: 'NEXT_STATIC_GEN_BAILOUT',
  digest: '4183728115'
}

Error occurred prerendering page "/pt". Read more: https://nextjs.org/docs/messages/prerender-error

Error: Route /pt/ with `dynamic = "error"` couldn't be rendered statically because it used `searchParams.sport`. See more info here: https://nextjs.org/docs/app/building-your-application/rendering/static-and-dynamic#dynamic-rendering
    at c (/root/.openclaw/workspace/windspot-pt/.next/server/chunks/937.js:2:50148)
    at Object.get (/root/.openclaw/workspace/windspot-pt/.next/server/chunks/937.js:2:14793)
    at E (/root/.openclaw/workspace/windspot-pt/.next/server/app/[locale]/page.js:1:13010)
    at eh (/root/.openclaw/workspace/windspot-pt/node_modules/next/dist/compiled/next-server/app-page.runtime.prod.js:12:134660)
    at e (/root/.openclaw/workspace/windspot-pt/node_modules/next/dist/compiled/next-server/app-page.runtime.prod.js:12:137545)
    at ek (/root/.openclaw/workspace/windspot-pt/node_modules/next/dist/compiled/next-server/app-page.runtime.prod.js:12:138019)
    at Array.toJSON (/root/.openclaw/workspace/windspot-pt/node_modules/next/dist/compiled/next-server/app-page.runtime.prod.js:12:135629)
    at stringify (<anonymous>)
    at eP (/root/.openclaw/workspace/windspot-pt/node_modules/next/dist/compiled/next-server/app-page.runtime.prod.js:12:142093)
    at eE (/root/.openclaw/workspace/windspot-pt/node_modules/next/dist/compiled/next-server/app-page.runtime.prod.js:12:142572)
n [Error]: Route /en/ with `dynamic = "error"` couldn't be rendered statically because it used `searchParams.sport`. See more info here: https://nextjs.org/docs/app/building-your-application/rendering/static-and-dynamic#dynamic-rendering
    at c (/root/.openclaw/workspace/windspot-pt/.next/server/chunks/937.js:2:50148)
    at Object.get (/root/.openclaw/workspace/windspot-pt/.next/server/chunks/937.js:2:14793)
    at E (/root/.openclaw/workspace/windspot-pt/.next/server/app/[locale]/page.js:1:13010)
    at eh (/root/.openclaw/workspace/windspot-pt/node_modules/next/dist/compiled/next-server/app-page.runtime.prod.js:12:134660)
    at e (/root/.openclaw/workspace/windspot-pt/node_modules/next/dist/compiled/next-server/app-page.runtime.prod.js:12:137545)
    at ek (/root/.openclaw/workspace/windspot-pt/node_modules/next/dist/compiled/next-server/app-page.runtime.prod.js:12:138019)
    at Array.toJSON (/root/.openclaw/workspace/windspot-pt/node_modules/next/dist/compiled/next-server/app-page.runtime.prod.js:12:135629)
    at stringify (<anonymous>)
    at eP (/root/.openclaw/workspace/windspot-pt/node_modules/next/dist/compiled/next-server/app-page.runtime.prod.js:12:142093)
    at eE (/root/.openclaw/workspace/windspot-pt/node_modules/next/dist/compiled/next-server/app-page.runtime.prod.js:12:142572) {
  code: 'NEXT_STATIC_GEN_BAILOUT',
  digest: '326372371'
}
n [Error]: Route /en/ with `dynamic = "error"` couldn't be rendered statically because it used `searchParams.sport`. See more info here: https://nextjs.org/docs/app/building-your-application/rendering/static-and-dynamic#dynamic-rendering
    at c (/root/.openclaw/workspace/windspot-pt/.next/server/chunks/937.js:2:50148)
    at Object.get (/root/.openclaw/workspace/windspot-pt/.next/server/chunks/937.js:2:14793)
    at E (/root/.openclaw/workspace/windspot-pt/.next/server/app/[locale]/page.js:1:13010)
    at eh (/root/.openclaw/workspace/windspot-pt/node_modules/next/dist/compiled/next-server/app-page.runtime.prod.js:12:134660)
    at e (/root/.openclaw/workspace/windspot-pt/node_modules/next/dist/compiled/next-server/app-page.runtime.prod.js:12:137545)
    at ek (/root/.openclaw/workspace/windspot-pt/node_modules/next/dist/compiled/next-server/app-page.runtime.prod.js:12:138019)
    at Array.toJSON (/root/.openclaw/workspace/windspot-pt/node_modules/next/dist/compiled/next-server/app-page.runtime.prod.js:12:135629)
    at stringify (<anonymous>)
    at eP (/root/.openclaw/workspace/windspot-pt/node_modules/next/dist/compiled/next-server/app-page.runtime.prod.js:12:142093)
    at eE (/root/.openclaw/workspace/windspot-pt/node_modules/next/dist/compiled/next-server/app-page.runtime.prod.js:12:142572) {
  code: 'NEXT_STATIC_GEN_BAILOUT',
  digest: '326372371'
}
n [Error]: Route /en/ with `dynamic = "error"` couldn't be rendered statically because it used `searchParams.sport`. See more info here: https://nextjs.org/docs/app/building-your-application/rendering/static-and-dynamic#dynamic-rendering
    at c (/root/.openclaw/workspace/windspot-pt/.next/server/chunks/937.js:2:50148)
    at Object.get (/root/.openclaw/workspace/windspot-pt/.next/server/chunks/937.js:2:14793)
    at E (/root/.openclaw/workspace/windspot-pt/.next/server/app/[locale]/page.js:1:13010)
    at eh (/root/.openclaw/workspace/windspot-pt/node_modules/next/dist/compiled/next-server/app-page.runtime.prod.js:12:134660)
    at e (/root/.openclaw/workspace/windspot-pt/node_modules/next/dist/compiled/next-server/app-page.runtime.prod.js:12:137545)
    at ek (/root/.openclaw/workspace/windspot-pt/node_modules/next/dist/compiled/next-server/app-page.runtime.prod.js:12:138019)
    at Array.toJSON (/root/.openclaw/workspace/windspot-pt/node_modules/next/dist/compiled/next-server/app-page.runtime.prod.js:12:135629)
    at stringify (<anonymous>)
    at eP (/root/.openclaw/workspace/windspot-pt/node_modules/next/dist/compiled/next-server/app-page.runtime.prod.js:12:142093)
    at eE (/root/.openclaw/workspace/windspot-pt/node_modules/next/dist/compiled/next-server/app-page.runtime.prod.js:12:142572) {
  code: 'NEXT_STATIC_GEN_BAILOUT',
  digest: '326372371'
}

Error occurred prerendering page "/en". Read more: https://nextjs.org/docs/messages/prerender-error

Error: Route /en/ with `dynamic = "error"` couldn't be rendered statically because it used `searchParams.sport`. See more info here: https://nextjs.org/docs/app/building-your-application/rendering/static-and-dynamic#dynamic-rendering
    at c (/root/.openclaw/workspace/windspot-pt/.next/server/chunks/937.js:2:50148)
    at Object.get (/root/.openclaw/workspace/windspot-pt/.next/server/chunks/937.js:2:14793)
    at E (/root/.openclaw/workspace/windspot-pt/.next/server/app/[locale]/page.js:1:13010)
    at eh (/root/.openclaw/workspace/windspot-pt/node_modules/next/dist/compiled/next-server/app-page.runtime.prod.js:12:134660)
    at e (/root/.openclaw/workspace/windspot-pt/node_modules/next/dist/compiled/next-server/app-page.runtime.prod.js:12:137545)
    at ek (/root/.openclaw/workspace/windspot-pt/node_modules/next/dist/compiled/next-server/app-page.runtime.prod.js:12:138019)
    at Array.toJSON (/root/.openclaw/workspace/windspot-pt/node_modules/next/dist/compiled/next-server/app-page.runtime.prod.js:12:135629)
    at stringify (<anonymous>)
    at eP (/root/.openclaw/workspace/windspot-pt/node_modules/next/dist/compiled/next-server/app-page.runtime.prod.js:12:142093)
    at eE (/root/.openclaw/workspace/windspot-pt/node_modules/next/dist/compiled/next-server/app-page.runtime.prod.js:12:142572)
 ✓ Generating static pages (160/160)

> Export encountered errors on following paths:
	/[locale]/page: /en
	/[locale]/page: /pt
